0 info it worked if it ends with ok
1 verbose cli [ '/usr/bin/node', '/usr/bin/npm', 'install' ]
2 info using npm@1.4.28
3 info using node@v0.10.35
4 verbose node symlink /usr/bin/node
5 verbose readDependencies using package.json deps
6 verbose install where, deps [ '/home/mingbo/Documents/vulture-master',
6 verbose install   [ 'async',
6 verbose install     'q',
6 verbose install     'bower',
6 verbose install     'grunt',
6 verbose install     'grunt-contrib-sass',
6 verbose install     'grunt-contrib-watch',
6 verbose install     'http-server',
6 verbose install     'karma',
6 verbose install     'karma-chrome-launcher',
6 verbose install     'karma-jasmine',
6 verbose install     'protractor',
6 verbose install     'shelljs',
6 verbose install     'tmp' ] ]
7 info preinstall vulture@0.0.0
8 verbose readDependencies using package.json deps
9 verbose cache add [ 'async@^0.9.0', null ]
10 verbose cache add name=undefined spec="async@^0.9.0" args=["async@^0.9.0",null]
11 verbose parsed url { protocol: null,
11 verbose parsed url   slashes: null,
11 verbose parsed url   auth: null,
11 verbose parsed url   host: null,
11 verbose parsed url   port: null,
11 verbose parsed url   hostname: null,
11 verbose parsed url   hash: null,
11 verbose parsed url   search: null,
11 verbose parsed url   query: null,
11 verbose parsed url   pathname: 'async@^0.9.0',
11 verbose parsed url   path: 'async@^0.9.0',
11 verbose parsed url   href: 'async@^0.9.0' }
12 verbose cache add [ 'q@^1.0.1', null ]
13 verbose cache add name=undefined spec="q@^1.0.1" args=["q@^1.0.1",null]
14 verbose parsed url { protocol: null,
14 verbose parsed url   slashes: null,
14 verbose parsed url   auth: null,
14 verbose parsed url   host: null,
14 verbose parsed url   port: null,
14 verbose parsed url   hostname: null,
14 verbose parsed url   hash: null,
14 verbose parsed url   search: null,
14 verbose parsed url   query: null,
14 verbose parsed url   pathname: 'q@^1.0.1',
14 verbose parsed url   path: 'q@^1.0.1',
14 verbose parsed url   href: 'q@^1.0.1' }
15 verbose cache add [ 'bower@^1.3.1', null ]
16 verbose cache add name=undefined spec="bower@^1.3.1" args=["bower@^1.3.1",null]
17 verbose parsed url { protocol: null,
17 verbose parsed url   slashes: null,
17 verbose parsed url   auth: null,
17 verbose parsed url   host: null,
17 verbose parsed url   port: null,
17 verbose parsed url   hostname: null,
17 verbose parsed url   hash: null,
17 verbose parsed url   search: null,
17 verbose parsed url   query: null,
17 verbose parsed url   pathname: 'bower@^1.3.1',
17 verbose parsed url   path: 'bower@^1.3.1',
17 verbose parsed url   href: 'bower@^1.3.1' }
18 verbose cache add [ 'grunt@^0.4.5', null ]
19 verbose cache add name=undefined spec="grunt@^0.4.5" args=["grunt@^0.4.5",null]
20 verbose parsed url { protocol: null,
20 verbose parsed url   slashes: null,
20 verbose parsed url   auth: null,
20 verbose parsed url   host: null,
20 verbose parsed url   port: null,
20 verbose parsed url   hostname: null,
20 verbose parsed url   hash: null,
20 verbose parsed url   search: null,
20 verbose parsed url   query: null,
20 verbose parsed url   pathname: 'grunt@^0.4.5',
20 verbose parsed url   path: 'grunt@^0.4.5',
20 verbose parsed url   href: 'grunt@^0.4.5' }
21 verbose cache add name="async" spec="^0.9.0" args=["async","^0.9.0"]
22 verbose parsed url { protocol: null,
22 verbose parsed url   slashes: null,
22 verbose parsed url   auth: null,
22 verbose parsed url   host: null,
22 verbose parsed url   port: null,
22 verbose parsed url   hostname: null,
22 verbose parsed url   hash: null,
22 verbose parsed url   search: null,
22 verbose parsed url   query: null,
22 verbose parsed url   pathname: '^0.9.0',
22 verbose parsed url   path: '^0.9.0',
22 verbose parsed url   href: '^0.9.0' }
23 verbose addNamed [ 'async', '^0.9.0' ]
24 verbose addNamed [ null, '>=0.9.0-0 <0.10.0-0' ]
25 verbose cache add name="q" spec="^1.0.1" args=["q","^1.0.1"]
26 verbose parsed url { protocol: null,
26 verbose parsed url   slashes: null,
26 verbose parsed url   auth: null,
26 verbose parsed url   host: null,
26 verbose parsed url   port: null,
26 verbose parsed url   hostname: null,
26 verbose parsed url   hash: null,
26 verbose parsed url   search: null,
26 verbose parsed url   query: null,
26 verbose parsed url   pathname: '^1.0.1',
26 verbose parsed url   path: '^1.0.1',
26 verbose parsed url   href: '^1.0.1' }
27 verbose addNamed [ 'q', '^1.0.1' ]
28 verbose addNamed [ null, '>=1.0.1-0 <2.0.0-0' ]
29 verbose cache add name="bower" spec="^1.3.1" args=["bower","^1.3.1"]
30 verbose parsed url { protocol: null,
30 verbose parsed url   slashes: null,
30 verbose parsed url   auth: null,
30 verbose parsed url   host: null,
30 verbose parsed url   port: null,
30 verbose parsed url   hostname: null,
30 verbose parsed url   hash: null,
30 verbose parsed url   search: null,
30 verbose parsed url   query: null,
30 verbose parsed url   pathname: '^1.3.1',
30 verbose parsed url   path: '^1.3.1',
30 verbose parsed url   href: '^1.3.1' }
31 verbose addNamed [ 'bower', '^1.3.1' ]
32 verbose addNamed [ null, '>=1.3.1-0 <2.0.0-0' ]
33 verbose cache add [ 'grunt-contrib-sass@^0.7.4', null ]
34 verbose cache add name=undefined spec="grunt-contrib-sass@^0.7.4" args=["grunt-contrib-sass@^0.7.4",null]
35 verbose parsed url { protocol: null,
35 verbose parsed url   slashes: null,
35 verbose parsed url   auth: null,
35 verbose parsed url   host: null,
35 verbose parsed url   port: null,
35 verbose parsed url   hostname: null,
35 verbose parsed url   hash: null,
35 verbose parsed url   search: null,
35 verbose parsed url   query: null,
35 verbose parsed url   pathname: 'grunt-contrib-sass@^0.7.4',
35 verbose parsed url   path: 'grunt-contrib-sass@^0.7.4',
35 verbose parsed url   href: 'grunt-contrib-sass@^0.7.4' }
36 verbose cache add [ 'grunt-contrib-watch@^0.6.1', null ]
37 verbose cache add name=undefined spec="grunt-contrib-watch@^0.6.1" args=["grunt-contrib-watch@^0.6.1",null]
38 verbose parsed url { protocol: null,
38 verbose parsed url   slashes: null,
38 verbose parsed url   auth: null,
38 verbose parsed url   host: null,
38 verbose parsed url   port: null,
38 verbose parsed url   hostname: null,
38 verbose parsed url   hash: null,
38 verbose parsed url   search: null,
38 verbose parsed url   query: null,
38 verbose parsed url   pathname: 'grunt-contrib-watch@^0.6.1',
38 verbose parsed url   path: 'grunt-contrib-watch@^0.6.1',
38 verbose parsed url   href: 'grunt-contrib-watch@^0.6.1' }
39 verbose cache add name="grunt" spec="^0.4.5" args=["grunt","^0.4.5"]
40 verbose parsed url { protocol: null,
40 verbose parsed url   slashes: null,
40 verbose parsed url   auth: null,
40 verbose parsed url   host: null,
40 verbose parsed url   port: null,
40 verbose parsed url   hostname: null,
40 verbose parsed url   hash: null,
40 verbose parsed url   search: null,
40 verbose parsed url   query: null,
40 verbose parsed url   pathname: '^0.4.5',
40 verbose parsed url   path: '^0.4.5',
40 verbose parsed url   href: '^0.4.5' }
41 verbose addNamed [ 'grunt', '^0.4.5' ]
42 verbose addNamed [ null, '>=0.4.5-0 <0.5.0-0' ]
43 silly lockFile 7f39d2c2-async-0-9-0 async@^0.9.0
44 verbose lock async@^0.9.0 /home/mingbo/.npm/7f39d2c2-async-0-9-0.lock
45 silly lockFile a3aa47d3-q-1-0-1 q@^1.0.1
46 verbose lock q@^1.0.1 /home/mingbo/.npm/a3aa47d3-q-1-0-1.lock
47 silly lockFile 7c83895e-bower-1-3-1 bower@^1.3.1
48 verbose lock bower@^1.3.1 /home/mingbo/.npm/7c83895e-bower-1-3-1.lock
49 silly lockFile 73541f84-grunt-0-4-5 grunt@^0.4.5
50 verbose lock grunt@^0.4.5 /home/mingbo/.npm/73541f84-grunt-0-4-5.lock
51 verbose cache add name="grunt-contrib-sass" spec="^0.7.4" args=["grunt-contrib-sass","^0.7.4"]
52 verbose parsed url { protocol: null,
52 verbose parsed url   slashes: null,
52 verbose parsed url   auth: null,
52 verbose parsed url   host: null,
52 verbose parsed url   port: null,
52 verbose parsed url   hostname: null,
52 verbose parsed url   hash: null,
52 verbose parsed url   search: null,
52 verbose parsed url   query: null,
52 verbose parsed url   pathname: '^0.7.4',
52 verbose parsed url   path: '^0.7.4',
52 verbose parsed url   href: '^0.7.4' }
53 verbose addNamed [ 'grunt-contrib-sass', '^0.7.4' ]
54 verbose addNamed [ null, '>=0.7.4-0 <0.8.0-0' ]
55 silly lockFile 4eaacf72-grunt-contrib-sass-0-7-4 grunt-contrib-sass@^0.7.4
56 verbose lock grunt-contrib-sass@^0.7.4 /home/mingbo/.npm/4eaacf72-grunt-contrib-sass-0-7-4.lock
57 verbose cache add [ 'http-server@^0.6.1', null ]
58 verbose cache add name=undefined spec="http-server@^0.6.1" args=["http-server@^0.6.1",null]
59 verbose parsed url { protocol: null,
59 verbose parsed url   slashes: null,
59 verbose parsed url   auth: null,
59 verbose parsed url   host: null,
59 verbose parsed url   port: null,
59 verbose parsed url   hostname: null,
59 verbose parsed url   hash: null,
59 verbose parsed url   search: null,
59 verbose parsed url   query: null,
59 verbose parsed url   pathname: 'http-server@^0.6.1',
59 verbose parsed url   path: 'http-server@^0.6.1',
59 verbose parsed url   href: 'http-server@^0.6.1' }
60 verbose cache add [ 'karma@^0.12.16', null ]
61 verbose cache add name=undefined spec="karma@^0.12.16" args=["karma@^0.12.16",null]
62 verbose parsed url { protocol: null,
62 verbose parsed url   slashes: null,
62 verbose parsed url   auth: null,
62 verbose parsed url   host: null,
62 verbose parsed url   port: null,
62 verbose parsed url   hostname: null,
62 verbose parsed url   hash: null,
62 verbose parsed url   search: null,
62 verbose parsed url   query: null,
62 verbose parsed url   pathname: 'karma@^0.12.16',
62 verbose parsed url   path: 'karma@^0.12.16',
62 verbose parsed url   href: 'karma@^0.12.16' }
63 verbose cache add name="grunt-contrib-watch" spec="^0.6.1" args=["grunt-contrib-watch","^0.6.1"]
64 verbose parsed url { protocol: null,
64 verbose parsed url   slashes: null,
64 verbose parsed url   auth: null,
64 verbose parsed url   host: null,
64 verbose parsed url   port: null,
64 verbose parsed url   hostname: null,
64 verbose parsed url   hash: null,
64 verbose parsed url   search: null,
64 verbose parsed url   query: null,
64 verbose parsed url   pathname: '^0.6.1',
64 verbose parsed url   path: '^0.6.1',
64 verbose parsed url   href: '^0.6.1' }
65 verbose addNamed [ 'grunt-contrib-watch', '^0.6.1' ]
66 verbose addNamed [ null, '>=0.6.1-0 <0.7.0-0' ]
67 silly lockFile 224b1ece-grunt-contrib-watch-0-6-1 grunt-contrib-watch@^0.6.1
68 verbose lock grunt-contrib-watch@^0.6.1 /home/mingbo/.npm/224b1ece-grunt-contrib-watch-0-6-1.lock
69 verbose cache add name="http-server" spec="^0.6.1" args=["http-server","^0.6.1"]
70 verbose parsed url { protocol: null,
70 verbose parsed url   slashes: null,
70 verbose parsed url   auth: null,
70 verbose parsed url   host: null,
70 verbose parsed url   port: null,
70 verbose parsed url   hostname: null,
70 verbose parsed url   hash: null,
70 verbose parsed url   search: null,
70 verbose parsed url   query: null,
70 verbose parsed url   pathname: '^0.6.1',
70 verbose parsed url   path: '^0.6.1',
70 verbose parsed url   href: '^0.6.1' }
71 verbose addNamed [ 'http-server', '^0.6.1' ]
72 verbose addNamed [ null, '>=0.6.1-0 <0.7.0-0' ]
73 silly lockFile e7eeaefd-http-server-0-6-1 http-server@^0.6.1
74 verbose lock http-server@^0.6.1 /home/mingbo/.npm/e7eeaefd-http-server-0-6-1.lock
75 verbose cache add [ 'karma-chrome-launcher@^0.1.4', null ]
76 verbose cache add name=undefined spec="karma-chrome-launcher@^0.1.4" args=["karma-chrome-launcher@^0.1.4",null]
77 verbose parsed url { protocol: null,
77 verbose parsed url   slashes: null,
77 verbose parsed url   auth: null,
77 verbose parsed url   host: null,
77 verbose parsed url   port: null,
77 verbose parsed url   hostname: null,
77 verbose parsed url   hash: null,
77 verbose parsed url   search: null,
77 verbose parsed url   query: null,
77 verbose parsed url   pathname: 'karma-chrome-launcher@^0.1.4',
77 verbose parsed url   path: 'karma-chrome-launcher@^0.1.4',
77 verbose parsed url   href: 'karma-chrome-launcher@^0.1.4' }
78 verbose cache add [ 'karma-jasmine@^0.1.5', null ]
79 verbose cache add name=undefined spec="karma-jasmine@^0.1.5" args=["karma-jasmine@^0.1.5",null]
80 verbose parsed url { protocol: null,
80 verbose parsed url   slashes: null,
80 verbose parsed url   auth: null,
80 verbose parsed url   host: null,
80 verbose parsed url   port: null,
80 verbose parsed url   hostname: null,
80 verbose parsed url   hash: null,
80 verbose parsed url   search: null,
80 verbose parsed url   query: null,
80 verbose parsed url   pathname: 'karma-jasmine@^0.1.5',
80 verbose parsed url   path: 'karma-jasmine@^0.1.5',
80 verbose parsed url   href: 'karma-jasmine@^0.1.5' }
81 verbose cache add [ 'protractor@~1.0.0', null ]
82 verbose cache add name=undefined spec="protractor@~1.0.0" args=["protractor@~1.0.0",null]
83 verbose parsed url { protocol: null,
83 verbose parsed url   slashes: null,
83 verbose parsed url   auth: null,
83 verbose parsed url   host: null,
83 verbose parsed url   port: null,
83 verbose parsed url   hostname: null,
83 verbose parsed url   hash: null,
83 verbose parsed url   search: null,
83 verbose parsed url   query: null,
83 verbose parsed url   pathname: 'protractor@~1.0.0',
83 verbose parsed url   path: 'protractor@~1.0.0',
83 verbose parsed url   href: 'protractor@~1.0.0' }
84 verbose cache add name="karma" spec="^0.12.16" args=["karma","^0.12.16"]
85 verbose parsed url { protocol: null,
85 verbose parsed url   slashes: null,
85 verbose parsed url   auth: null,
85 verbose parsed url   host: null,
85 verbose parsed url   port: null,
85 verbose parsed url   hostname: null,
85 verbose parsed url   hash: null,
85 verbose parsed url   search: null,
85 verbose parsed url   query: null,
85 verbose parsed url   pathname: '^0.12.16',
85 verbose parsed url   path: '^0.12.16',
85 verbose parsed url   href: '^0.12.16' }
86 verbose addNamed [ 'karma', '^0.12.16' ]
87 verbose addNamed [ null, '>=0.12.16-0 <0.13.0-0' ]
88 silly lockFile 544376fe-karma-0-12-16 karma@^0.12.16
89 verbose lock karma@^0.12.16 /home/mingbo/.npm/544376fe-karma-0-12-16.lock
90 silly addNameRange { name: 'q', range: '>=1.0.1-0 <2.0.0-0', hasData: false }
91 silly addNameRange { name: 'async', range: '>=0.9.0-0 <0.10.0-0', hasData: false }
92 silly addNameRange { name: 'bower', range: '>=1.3.1-0 <2.0.0-0', hasData: false }
93 silly addNameRange { name: 'grunt', range: '>=0.4.5-0 <0.5.0-0', hasData: false }
94 verbose cache add name="karma-chrome-launcher" spec="^0.1.4" args=["karma-chrome-launcher","^0.1.4"]
95 verbose parsed url { protocol: null,
95 verbose parsed url   slashes: null,
95 verbose parsed url   auth: null,
95 verbose parsed url   host: null,
95 verbose parsed url   port: null,
95 verbose parsed url   hostname: null,
95 verbose parsed url   hash: null,
95 verbose parsed url   search: null,
95 verbose parsed url   query: null,
95 verbose parsed url   pathname: '^0.1.4',
95 verbose parsed url   path: '^0.1.4',
95 verbose parsed url   href: '^0.1.4' }
96 verbose addNamed [ 'karma-chrome-launcher', '^0.1.4' ]
97 verbose addNamed [ null, '>=0.1.4-0 <0.2.0-0' ]
98 silly lockFile cd7d8138-karma-chrome-launcher-0-1-4 karma-chrome-launcher@^0.1.4
99 verbose lock karma-chrome-launcher@^0.1.4 /home/mingbo/.npm/cd7d8138-karma-chrome-launcher-0-1-4.lock
100 verbose cache add name="karma-jasmine" spec="^0.1.5" args=["karma-jasmine","^0.1.5"]
101 verbose parsed url { protocol: null,
101 verbose parsed url   slashes: null,
101 verbose parsed url   auth: null,
101 verbose parsed url   host: null,
101 verbose parsed url   port: null,
101 verbose parsed url   hostname: null,
101 verbose parsed url   hash: null,
101 verbose parsed url   search: null,
101 verbose parsed url   query: null,
101 verbose parsed url   pathname: '^0.1.5',
101 verbose parsed url   path: '^0.1.5',
101 verbose parsed url   href: '^0.1.5' }
102 verbose addNamed [ 'karma-jasmine', '^0.1.5' ]
103 verbose addNamed [ null, '>=0.1.5-0 <0.2.0-0' ]
104 silly lockFile 36fc1519-karma-jasmine-0-1-5 karma-jasmine@^0.1.5
105 verbose lock karma-jasmine@^0.1.5 /home/mingbo/.npm/36fc1519-karma-jasmine-0-1-5.lock
106 verbose cache add [ 'shelljs@^0.2.6', null ]
107 verbose cache add name=undefined spec="shelljs@^0.2.6" args=["shelljs@^0.2.6",null]
108 verbose parsed url { protocol: null,
108 verbose parsed url   slashes: null,
108 verbose parsed url   auth: null,
108 verbose parsed url   host: null,
108 verbose parsed url   port: null,
108 verbose parsed url   hostname: null,
108 verbose parsed url   hash: null,
108 verbose parsed url   search: null,
108 verbose parsed url   query: null,
108 verbose parsed url   pathname: 'shelljs@^0.2.6',
108 verbose parsed url   path: 'shelljs@^0.2.6',
108 verbose parsed url   href: 'shelljs@^0.2.6' }
109 verbose cache add [ 'tmp@0.0.23', null ]
110 verbose cache add name=undefined spec="tmp@0.0.23" args=["tmp@0.0.23",null]
111 verbose parsed url { protocol: null,
111 verbose parsed url   slashes: null,
111 verbose parsed url   auth: null,
111 verbose parsed url   host: null,
111 verbose parsed url   port: null,
111 verbose parsed url   hostname: null,
111 verbose parsed url   hash: null,
111 verbose parsed url   search: null,
111 verbose parsed url   query: null,
111 verbose parsed url   pathname: 'tmp@0.0.23',
111 verbose parsed url   path: 'tmp@0.0.23',
111 verbose parsed url   href: 'tmp@0.0.23' }
112 verbose cache add name="protractor" spec="~1.0.0" args=["protractor","~1.0.0"]
113 verbose parsed url { protocol: null,
113 verbose parsed url   slashes: null,
113 verbose parsed url   auth: null,
113 verbose parsed url   host: null,
113 verbose parsed url   port: null,
113 verbose parsed url   hostname: null,
113 verbose parsed url   hash: null,
113 verbose parsed url   search: null,
113 verbose parsed url   query: null,
113 verbose parsed url   pathname: '~1.0.0',
113 verbose parsed url   path: '~1.0.0',
113 verbose parsed url   href: '~1.0.0' }
114 verbose addNamed [ 'protractor', '~1.0.0' ]
115 verbose addNamed [ null, '>=1.0.0-0 <1.1.0-0' ]
116 silly lockFile f198f730-protractor-1-0-0 protractor@~1.0.0
117 verbose lock protractor@~1.0.0 /home/mingbo/.npm/f198f730-protractor-1-0-0.lock
118 silly addNameRange { name: 'grunt-contrib-watch',
118 silly addNameRange   range: '>=0.6.1-0 <0.7.0-0',
118 silly addNameRange   hasData: false }
119 verbose cache add name="shelljs" spec="^0.2.6" args=["shelljs","^0.2.6"]
120 verbose parsed url { protocol: null,
120 verbose parsed url   slashes: null,
120 verbose parsed url   auth: null,
120 verbose parsed url   host: null,
120 verbose parsed url   port: null,
120 verbose parsed url   hostname: null,
120 verbose parsed url   hash: null,
120 verbose parsed url   search: null,
120 verbose parsed url   query: null,
120 verbose parsed url   pathname: '^0.2.6',
120 verbose parsed url   path: '^0.2.6',
120 verbose parsed url   href: '^0.2.6' }
121 verbose addNamed [ 'shelljs', '^0.2.6' ]
122 verbose addNamed [ null, '>=0.2.6-0 <0.3.0-0' ]
123 silly lockFile cdaabbbd-shelljs-0-2-6 shelljs@^0.2.6
124 verbose lock shelljs@^0.2.6 /home/mingbo/.npm/cdaabbbd-shelljs-0-2-6.lock
125 verbose cache add name="tmp" spec="0.0.23" args=["tmp","0.0.23"]
126 verbose parsed url { protocol: null,
126 verbose parsed url   slashes: null,
126 verbose parsed url   auth: null,
126 verbose parsed url   host: null,
126 verbose parsed url   port: null,
126 verbose parsed url   hostname: null,
126 verbose parsed url   hash: null,
126 verbose parsed url   search: null,
126 verbose parsed url   query: null,
126 verbose parsed url   pathname: '0.0.23',
126 verbose parsed url   path: '0.0.23',
126 verbose parsed url   href: '0.0.23' }
127 verbose addNamed [ 'tmp', '0.0.23' ]
128 verbose addNamed [ '0.0.23', '0.0.23' ]
129 silly lockFile f7638ceb-tmp-0-0-23 tmp@0.0.23
130 verbose lock tmp@0.0.23 /home/mingbo/.npm/f7638ceb-tmp-0-0-23.lock
131 silly addNameRange { name: 'karma', range: '>=0.12.16-0 <0.13.0-0', hasData: false }
132 silly addNameRange { name: 'karma-chrome-launcher',
132 silly addNameRange   range: '>=0.1.4-0 <0.2.0-0',
132 silly addNameRange   hasData: false }
133 silly addNameRange { name: 'protractor',
133 silly addNameRange   range: '>=1.0.0-0 <1.1.0-0',
133 silly addNameRange   hasData: false }
134 silly addNameRange { name: 'shelljs', range: '>=0.2.6-0 <0.3.0-0', hasData: false }
135 verbose request where is /q
136 verbose request registry https://registry.npmjs.org/
137 verbose request id 65f974ee885d9d12
138 verbose url raw /q
139 verbose url resolving [ 'https://registry.npmjs.org/', './q' ]
140 verbose url resolved https://registry.npmjs.org/q
141 verbose request where is https://registry.npmjs.org/q
142 info trying registry request attempt 1 at 15:07:44
143 verbose etag "EUNMZFYLC1C2MHCBTWWQM4PL5"
144 http GET https://registry.npmjs.org/q
145 verbose request where is /async
146 verbose request registry https://registry.npmjs.org/
147 verbose url raw /async
148 verbose url resolving [ 'https://registry.npmjs.org/', './async' ]
149 verbose url resolved https://registry.npmjs.org/async
150 verbose request where is https://registry.npmjs.org/async
151 info trying registry request attempt 1 at 15:07:44
152 verbose etag "5T2W7Y64A5JSV7S9SG8WBWL5F"
153 http GET https://registry.npmjs.org/async
154 verbose request where is /bower
155 verbose request registry https://registry.npmjs.org/
156 verbose url raw /bower
157 verbose url resolving [ 'https://registry.npmjs.org/', './bower' ]
158 verbose url resolved https://registry.npmjs.org/bower
159 verbose request where is https://registry.npmjs.org/bower
160 info trying registry request attempt 1 at 15:07:44
161 verbose etag "4CQ493X94AJBMNYDVYENURPTC"
162 http GET https://registry.npmjs.org/bower
163 verbose request where is /grunt
164 verbose request registry https://registry.npmjs.org/
165 verbose url raw /grunt
166 verbose url resolving [ 'https://registry.npmjs.org/', './grunt' ]
167 verbose url resolved https://registry.npmjs.org/grunt
168 verbose request where is https://registry.npmjs.org/grunt
169 info trying registry request attempt 1 at 15:07:44
170 verbose etag "BKP93AOREM8BIUYUG2CRBLEV6"
171 http GET https://registry.npmjs.org/grunt
172 verbose request where is /grunt-contrib-watch
173 verbose request registry https://registry.npmjs.org/
174 verbose url raw /grunt-contrib-watch
175 verbose url resolving [ 'https://registry.npmjs.org/', './grunt-contrib-watch' ]
176 verbose url resolved https://registry.npmjs.org/grunt-contrib-watch
177 verbose request where is https://registry.npmjs.org/grunt-contrib-watch
178 info trying registry request attempt 1 at 15:07:45
179 verbose etag "1C1MLC71OP2RS18SWT5764AG7"
180 http GET https://registry.npmjs.org/grunt-contrib-watch
181 verbose request where is /karma
182 verbose request registry https://registry.npmjs.org/
183 verbose url raw /karma
184 verbose url resolving [ 'https://registry.npmjs.org/', './karma' ]
185 verbose url resolved https://registry.npmjs.org/karma
186 verbose request where is https://registry.npmjs.org/karma
187 info trying registry request attempt 1 at 15:07:45
188 verbose etag "72GPW297HW92YF09435I16KOS"
189 http GET https://registry.npmjs.org/karma
190 verbose request where is /karma-chrome-launcher
191 verbose request registry https://registry.npmjs.org/
192 verbose url raw /karma-chrome-launcher
193 verbose url resolving [ 'https://registry.npmjs.org/', './karma-chrome-launcher' ]
194 verbose url resolved https://registry.npmjs.org/karma-chrome-launcher
195 verbose request where is https://registry.npmjs.org/karma-chrome-launcher
196 info trying registry request attempt 1 at 15:07:45
197 verbose etag "3GTYYJ0BEOOVL3FAGRP3432XH"
198 http GET https://registry.npmjs.org/karma-chrome-launcher
199 verbose request where is /protractor
200 verbose request registry https://registry.npmjs.org/
201 verbose url raw /protractor
202 verbose url resolving [ 'https://registry.npmjs.org/', './protractor' ]
203 verbose url resolved https://registry.npmjs.org/protractor
204 verbose request where is https://registry.npmjs.org/protractor
205 info trying registry request attempt 1 at 15:07:45
206 verbose etag "80GO8QZQ9QAOE0TP7P88C3A9B"
207 http GET https://registry.npmjs.org/protractor
208 verbose request where is /shelljs
209 verbose request registry https://registry.npmjs.org/
210 verbose url raw /shelljs
211 verbose url resolving [ 'https://registry.npmjs.org/', './shelljs' ]
212 verbose url resolved https://registry.npmjs.org/shelljs
213 verbose request where is https://registry.npmjs.org/shelljs
214 info trying registry request attempt 1 at 15:07:45
215 verbose etag "99WA4JXXE1LZSJWLIV3LTEPT7"
216 http GET https://registry.npmjs.org/shelljs
217 verbose request where is /tmp
218 verbose request registry https://registry.npmjs.org/
219 verbose url raw /tmp
220 verbose url resolving [ 'https://registry.npmjs.org/', './tmp' ]
221 verbose url resolved https://registry.npmjs.org/tmp
222 verbose request where is https://registry.npmjs.org/tmp
223 info trying registry request attempt 1 at 15:07:45
224 verbose etag "9JQ3YJZOEW3MI7ALXGB9AYX29"
225 http GET https://registry.npmjs.org/tmp
226 http 304 https://registry.npmjs.org/q
227 silly registry.get cb [ 304,
227 silly registry.get   { date: 'Wed, 07 Jan 2015 23:07:45 GMT',
227 silly registry.get     server: 'Apache',
227 silly registry.get     via: '1.1 varnish',
227 silly registry.get     'last-modified': 'Wed, 07 Jan 2015 23:07:14 GMT',
227 silly registry.get     'cache-control': 'max-age=60',
227 silly registry.get     etag: '"EUNMZFYLC1C2MHCBTWWQM4PL5"',
227 silly registry.get     age: '47',
227 silly registry.get     'x-served-by': 'cache-sjc3123-SJC',
227 silly registry.get     'x-cache': 'HIT',
227 silly registry.get     'x-cache-hits': '3',
227 silly registry.get     'x-timer': 'S1420672065.180783,VS0,VE0',
227 silly registry.get     vary: 'Accept',
227 silly registry.get     'content-length': '0',
227 silly registry.get     'keep-alive': 'timeout=10, max=50',
227 silly registry.get     connection: 'Keep-Alive' } ]
228 verbose etag https://registry.npmjs.org/q from cache
229 http 304 https://registry.npmjs.org/async
230 silly registry.get cb [ 304,
230 silly registry.get   { date: 'Wed, 07 Jan 2015 23:07:45 GMT',
230 silly registry.get     server: 'Apache',
230 silly registry.get     via: '1.1 varnish',
230 silly registry.get     'last-modified': 'Wed, 07 Jan 2015 23:07:36 GMT',
230 silly registry.get     'cache-control': 'max-age=60',
230 silly registry.get     etag: '"5T2W7Y64A5JSV7S9SG8WBWL5F"',
230 silly registry.get     age: '13',
230 silly registry.get     'x-served-by': 'cache-lax1434-LAX',
230 silly registry.get     'x-cache': 'HIT',
230 silly registry.get     'x-cache-hits': '2',
230 silly registry.get     'x-timer': 'S1420672065.192873,VS0,VE0',
230 silly registry.get     vary: 'Accept',
230 silly registry.get     'content-length': '0',
230 silly registry.get     'keep-alive': 'timeout=10, max=50',
230 silly registry.get     connection: 'Keep-Alive' } ]
231 verbose etag https://registry.npmjs.org/async from cache
232 silly addNameRange number 2 { name: 'q', range: '>=1.0.1-0 <2.0.0-0', hasData: true }
233 silly addNameRange versions [ 'q',
233 silly addNameRange   [ '0.0.0',
233 silly addNameRange     '0.0.1',
233 silly addNameRange     '0.0.2',
233 silly addNameRange     '0.0.3',
233 silly addNameRange     '0.1.0',
233 silly addNameRange     '0.1.1',
233 silly addNameRange     '0.1.2',
233 silly addNameRange     '0.1.3',
233 silly addNameRange     '0.1.4',
233 silly addNameRange     '0.1.5',
233 silly addNameRange     '0.1.6',
233 silly addNameRange     '0.1.7',
233 silly addNameRange     '0.1.8',
233 silly addNameRange     '0.1.9',
233 silly addNameRange     '0.2.0-rc1',
233 silly addNameRange     '0.2.0',
233 silly addNameRange     '0.2.1',
233 silly addNameRange     '0.2.2',
233 silly addNameRange     '0.2.3',
233 silly addNameRange     '0.2.4',
233 silly addNameRange     '0.2.5',
233 silly addNameRange     '0.2.6',
233 silly addNameRange     '0.2.7',
233 silly addNameRange     '0.2.8',
233 silly addNameRange     '0.2.9',
233 silly addNameRange     '0.3.0',
233 silly addNameRange     '0.2.10',
233 silly addNameRange     '0.4.0',
233 silly addNameRange     '0.4.1',
233 silly addNameRange     '0.4.2',
233 silly addNameRange     '0.4.4',
233 silly addNameRange     '0.5.0',
233 silly addNameRange     '0.5.1',
233 silly addNameRange     '0.5.2',
233 silly addNameRange     '0.5.3',
233 silly addNameRange     '0.6.0',
233 silly addNameRange     '0.7.0',
233 silly addNameRange     '0.7.1',
233 silly addNameRange     '0.7.2',
233 silly addNameRange     '0.8.0',
233 silly addNameRange     '0.8.1',
233 silly addNameRange     '0.8.2',
233 silly addNameRange     '0.8.3',
233 silly addNameRange     '0.8.4',
233 silly addNameRange     '0.8.5',
233 silly addNameRange     '0.8.6',
233 silly addNameRange     '0.8.7',
233 silly addNameRange     '0.8.8',
233 silly addNameRange     '0.8.9',
233 silly addNameRange     '0.8.10',
233 silly addNameRange     '0.8.11',
233 silly addNameRange     '0.8.12',
233 silly addNameRange     '0.9.0',
233 silly addNameRange     '0.9.1',
233 silly addNameRange     '0.9.2',
233 silly addNameRange     '0.9.3',
233 silly addNameRange     '0.9.4',
233 silly addNameRange     '0.9.5',
233 silly addNameRange     '0.9.6',
233 silly addNameRange     '0.9.7',
233 silly addNameRange     '1.0.0',
233 silly addNameRange     '1.0.1',
233 silly addNameRange     '2.0.0',
233 silly addNameRange     '2.0.1',
233 silly addNameRange     '2.0.2',
233 silly addNameRange     '1.1.0',
233 silly addNameRange     '1.1.1',
233 silly addNameRange     '1.1.2' ] ]
234 verbose addNamed [ 'q', '1.1.2' ]
235 verbose addNamed [ '1.1.2', '1.1.2' ]
236 silly lockFile e953b1ec-q-1-1-2 q@1.1.2
237 verbose lock q@1.1.2 /home/mingbo/.npm/e953b1ec-q-1-1-2.lock
238 silly addNameRange number 2 { name: 'async', range: '>=0.9.0-0 <0.10.0-0', hasData: true }
239 silly addNameRange versions [ 'async',
239 silly addNameRange   [ '0.1.0',
239 silly addNameRange     '0.1.1',
239 silly addNameRange     '0.1.2',
239 silly addNameRange     '0.1.3',
239 silly addNameRange     '0.1.4',
239 silly addNameRange     '0.1.5',
239 silly addNameRange     '0.1.6',
239 silly addNameRange     '0.1.7',
239 silly addNameRange     '0.1.8',
239 silly addNameRange     '0.1.9',
239 silly addNameRange     '0.1.10',
239 silly addNameRange     '0.1.11',
239 silly addNameRange     '0.1.12',
239 silly addNameRange     '0.1.13',
239 silly addNameRange     '0.1.14',
239 silly addNameRange     '0.1.15',
239 silly addNameRange     '0.1.16',
239 silly addNameRange     '0.1.17',
239 silly addNameRange     '0.1.18',
239 silly addNameRange     '0.1.19',
239 silly addNameRange     '0.1.20',
239 silly addNameRange     '0.1.21',
239 silly addNameRange     '0.1.22',
239 silly addNameRange     '0.2.0',
239 silly addNameRange     '0.2.1',
239 silly addNameRange     '0.2.2',
239 silly addNameRange     '0.2.3',
239 silly addNameRange     '0.2.4',
239 silly addNameRange     '0.2.5',
239 silly addNameRange     '0.2.6',
239 silly addNameRange     '0.2.7',
239 silly addNameRange     '0.2.8',
239 silly addNameRange     '0.2.9',
239 silly addNameRange     '0.2.10',
239 silly addNameRange     '0.3.0',
239 silly addNameRange     '0.4.0',
239 silly addNameRange     '0.4.1',
239 silly addNameRange     '0.5.0',
239 silly addNameRange     '0.6.0',
239 silly addNameRange     '0.6.1',
239 silly addNameRange     '0.6.2',
239 silly addNameRange     '0.7.0',
239 silly addNameRange     '0.8.0',
239 silly addNameRange     '0.9.0' ] ]
240 verbose addNamed [ 'async', '0.9.0' ]
241 verbose addNamed [ '0.9.0', '0.9.0' ]
242 silly lockFile 9a58a886-async-0-9-0 async@0.9.0
243 verbose lock async@0.9.0 /home/mingbo/.npm/9a58a886-async-0-9-0.lock
244 silly lockFile e953b1ec-q-1-1-2 q@1.1.2
245 silly lockFile e953b1ec-q-1-1-2 q@1.1.2
246 silly lockFile a3aa47d3-q-1-0-1 q@^1.0.1
247 silly lockFile a3aa47d3-q-1-0-1 q@^1.0.1
248 silly lockFile 9a58a886-async-0-9-0 async@0.9.0
249 silly lockFile 9a58a886-async-0-9-0 async@0.9.0
250 silly lockFile 7f39d2c2-async-0-9-0 async@^0.9.0
251 silly lockFile 7f39d2c2-async-0-9-0 async@^0.9.0
252 http 304 https://registry.npmjs.org/karma
253 silly registry.get cb [ 304,
253 silly registry.get   { date: 'Wed, 07 Jan 2015 23:07:45 GMT',
253 silly registry.get     server: 'Apache',
253 silly registry.get     via: '1.1 varnish',
253 silly registry.get     'last-modified': 'Wed, 07 Jan 2015 23:07:45 GMT',
253 silly registry.get     'cache-control': 'max-age=60',
253 silly registry.get     etag: '"72GPW297HW92YF09435I16KOS"',
253 silly registry.get     age: '40',
253 silly registry.get     'x-served-by': 'cache-sjc3123-SJC',
253 silly registry.get     'x-cache': 'HIT',
253 silly registry.get     'x-cache-hits': '1',
253 silly registry.get     'x-timer': 'S1420672065.217395,VS0,VE2',
253 silly registry.get     vary: 'Accept',
253 silly registry.get     'content-length': '0',
253 silly registry.get     'keep-alive': 'timeout=10, max=49',
253 silly registry.get     connection: 'Keep-Alive' } ]
254 verbose etag https://registry.npmjs.org/karma from cache
255 http 304 https://registry.npmjs.org/bower
256 silly registry.get cb [ 304,
256 silly registry.get   { date: 'Wed, 07 Jan 2015 23:07:45 GMT',
256 silly registry.get     server: 'Apache',
256 silly registry.get     via: '1.1 varnish',
256 silly registry.get     'last-modified': 'Wed, 07 Jan 2015 23:07:45 GMT',
256 silly registry.get     'cache-control': 'max-age=60',
256 silly registry.get     etag: '"4CQ493X94AJBMNYDVYENURPTC"',
256 silly registry.get     age: '58',
256 silly registry.get     'x-served-by': 'cache-lax1435-LAX',
256 silly registry.get     'x-cache': 'HIT',
256 silly registry.get     'x-cache-hits': '1',
256 silly registry.get     'x-timer': 'S1420672065.219322,VS0,VE0',
256 silly registry.get     vary: 'Accept',
256 silly registry.get     'content-length': '0',
256 silly registry.get     'keep-alive': 'timeout=10, max=50',
256 silly registry.get     connection: 'Keep-Alive' } ]
257 verbose etag https://registry.npmjs.org/bower from cache
258 http 304 https://registry.npmjs.org/grunt
259 silly registry.get cb [ 304,
259 silly registry.get   { date: 'Wed, 07 Jan 2015 23:07:45 GMT',
259 silly registry.get     server: 'Apache',
259 silly registry.get     via: '1.1 varnish',
259 silly registry.get     'last-modified': 'Wed, 07 Jan 2015 23:07:36 GMT',
259 silly registry.get     'cache-control': 'max-age=60',
259 silly registry.get     etag: '"BKP93AOREM8BIUYUG2CRBLEV6"',
259 silly registry.get     age: '51',
259 silly registry.get     'x-served-by': 'cache-lax1428-LAX',
259 silly registry.get     'x-cache': 'HIT',
259 silly registry.get     'x-cache-hits': '2',
259 silly registry.get     'x-timer': 'S1420672065.226230,VS0,VE0',
259 silly registry.get     vary: 'Accept',
259 silly registry.get     'content-length': '0',
259 silly registry.get     'keep-alive': 'timeout=10, max=50',
259 silly registry.get     connection: 'Keep-Alive' } ]
260 verbose etag https://registry.npmjs.org/grunt from cache
261 http 304 https://registry.npmjs.org/grunt-contrib-watch
262 silly registry.get cb [ 304,
262 silly registry.get   { date: 'Wed, 07 Jan 2015 23:07:45 GMT',
262 silly registry.get     server: 'Apache',
262 silly registry.get     via: '1.1 varnish',
262 silly registry.get     'last-modified': 'Wed, 07 Jan 2015 23:07:45 GMT',
262 silly registry.get     'cache-control': 'max-age=60',
262 silly registry.get     etag: '"1C1MLC71OP2RS18SWT5764AG7"',
262 silly registry.get     age: '43',
262 silly registry.get     'x-served-by': 'cache-lax1433-LAX',
262 silly registry.get     'x-cache': 'HIT',
262 silly registry.get     'x-cache-hits': '1',
262 silly registry.get     'x-timer': 'S1420672065.225361,VS0,VE0',
262 silly registry.get     vary: 'Accept',
262 silly registry.get     'content-length': '0',
262 silly registry.get     'keep-alive': 'timeout=10, max=50',
262 silly registry.get     connection: 'Keep-Alive' } ]
263 verbose etag https://registry.npmjs.org/grunt-contrib-watch from cache
264 http 304 https://registry.npmjs.org/protractor
265 silly registry.get cb [ 304,
265 silly registry.get   { date: 'Wed, 07 Jan 2015 23:07:45 GMT',
265 silly registry.get     server: 'Apache',
265 silly registry.get     via: '1.1 varnish',
265 silly registry.get     'last-modified': 'Wed, 07 Jan 2015 23:07:45 GMT',
265 silly registry.get     'cache-control': 'max-age=60',
265 silly registry.get     etag: '"80GO8QZQ9QAOE0TP7P88C3A9B"',
265 silly registry.get     age: '43',
265 silly registry.get     'x-served-by': 'cache-sjc3123-SJC',
265 silly registry.get     'x-cache': 'HIT',
265 silly registry.get     'x-cache-hits': '1',
265 silly registry.get     'x-timer': 'S1420672065.247384,VS0,VE0',
265 silly registry.get     vary: 'Accept',
265 silly registry.get     'content-length': '0',
265 silly registry.get     'keep-alive': 'timeout=10, max=48',
265 silly registry.get     connection: 'Keep-Alive' } ]
266 verbose etag https://registry.npmjs.org/protractor from cache
267 http 304 https://registry.npmjs.org/tmp
268 silly registry.get cb [ 304,
268 silly registry.get   { date: 'Wed, 07 Jan 2015 23:07:45 GMT',
268 silly registry.get     server: 'Apache',
268 silly registry.get     via: '1.1 varnish',
268 silly registry.get     'last-modified': 'Wed, 07 Jan 2015 23:07:44 GMT',
268 silly registry.get     'cache-control': 'max-age=60',
268 silly registry.get     etag: '"9JQ3YJZOEW3MI7ALXGB9AYX29"',
268 silly registry.get     age: '34',
268 silly registry.get     'x-served-by': 'cache-lax1428-LAX',
268 silly registry.get     'x-cache': 'HIT',
268 silly registry.get     'x-cache-hits': '2',
268 silly registry.get     'x-timer': 'S1420672065.254865,VS0,VE0',
268 silly registry.get     vary: 'Accept',
268 silly registry.get     'content-length': '0',
268 silly registry.get     'keep-alive': 'timeout=10, max=49',
268 silly registry.get     connection: 'Keep-Alive' } ]
269 verbose etag https://registry.npmjs.org/tmp from cache
270 http 304 https://registry.npmjs.org/shelljs
271 silly registry.get cb [ 304,
271 silly registry.get   { date: 'Wed, 07 Jan 2015 23:07:45 GMT',
271 silly registry.get     server: 'Apache',
271 silly registry.get     via: '1.1 varnish',
271 silly registry.get     'last-modified': 'Wed, 07 Jan 2015 23:07:07 GMT',
271 silly registry.get     'cache-control': 'max-age=60',
271 silly registry.get     etag: '"99WA4JXXE1LZSJWLIV3LTEPT7"',
271 silly registry.get     age: '43',
271 silly registry.get     'x-served-by': 'cache-lax1435-LAX',
271 silly registry.get     'x-cache': 'HIT',
271 silly registry.get     'x-cache-hits': '2',
271 silly registry.get     'x-timer': 'S1420672065.254407,VS0,VE0',
271 silly registry.get     vary: 'Accept',
271 silly registry.get     'content-length': '0',
271 silly registry.get     'keep-alive': 'timeout=10, max=49',
271 silly registry.get     connection: 'Keep-Alive' } ]
272 verbose etag https://registry.npmjs.org/shelljs from cache
273 silly addNameRange number 2 { name: 'bower', range: '>=1.3.1-0 <2.0.0-0', hasData: true }
274 silly addNameRange versions [ 'bower',
274 silly addNameRange   [ '0.1.0',
274 silly addNameRange     '0.1.2',
274 silly addNameRange     '0.1.3',
274 silly addNameRange     '0.2.0',
274 silly addNameRange     '0.3.0',
274 silly addNameRange     '0.3.1',
274 silly addNameRange     '0.3.2',
274 silly addNameRange     '0.4.0',
274 silly addNameRange     '0.5.0',
274 silly addNameRange     '0.5.1',
274 silly addNameRange     '0.6.0',
274 silly addNameRange     '0.6.1',
274 silly addNameRange     '0.6.2',
274 silly addNameRange     '0.6.3',
274 silly addNameRange     '0.6.4',
274 silly addNameRange     '0.6.5',
274 silly addNameRange     '0.6.6',
274 silly addNameRange     '0.6.7',
274 silly addNameRange     '0.6.8',
274 silly addNameRange     '0.7.0',
274 silly addNameRange     '0.7.1',
274 silly addNameRange     '0.8.0',
274 silly addNameRange     '0.8.1',
274 silly addNameRange     '0.8.2',
274 silly addNameRange     '0.8.3',
274 silly addNameRange     '0.8.4',
274 silly addNameRange     '0.8.5',
274 silly addNameRange     '0.8.6',
274 silly addNameRange     '0.9.0',
274 silly addNameRange     '0.9.1',
274 silly addNameRange     '0.9.2',
274 silly addNameRange     '0.10.0',
274 silly addNameRange     '1.0.0',
274 silly addNameRange     '1.0.1',
274 silly addNameRange     '1.0.2',
274 silly addNameRange     '1.0.3',
274 silly addNameRange     '1.1.0',
274 silly addNameRange     '1.1.1',
274 silly addNameRange     '1.1.2',
274 silly addNameRange     '1.2.0',
274 silly addNameRange     '1.2.1',
274 silly addNameRange     '1.2.2',
274 silly addNameRange     '1.2.3',
274 silly addNameRange     '1.2.4',
274 silly addNameRange     '1.2.5',
274 silly addNameRange     '1.2.6',
274 silly addNameRange     '1.2.7',
274 silly addNameRange     '1.2.8',
274 silly addNameRange     '1.3.0',
274 silly addNameRange     '1.3.1',
274 silly addNameRange     '1.3.2',
274 silly addNameRange     '1.3.3',
274 silly addNameRange     '1.3.4',
274 silly addNameRange     '1.3.5',
274 silly addNameRange     '1.3.6',
274 silly addNameRange     '1.3.7',
274 silly addNameRange     '1.3.8',
274 silly addNameRange     '1.3.9',
274 silly addNameRange     '1.3.10',
274 silly addNameRange     '1.3.11',
274 silly addNameRange     '1.3.12' ] ]
275 verbose addNamed [ 'bower', '1.3.12' ]
276 verbose addNamed [ '1.3.12', '1.3.12' ]
277 silly lockFile 9819431c-bower-1-3-12 bower@1.3.12
278 verbose lock bower@1.3.12 /home/mingbo/.npm/9819431c-bower-1-3-12.lock
279 silly addNameRange number 2 { name: 'grunt', range: '>=0.4.5-0 <0.5.0-0', hasData: true }
280 silly addNameRange versions [ 'grunt',
280 silly addNameRange   [ '0.1.0',
280 silly addNameRange     '0.1.1',
280 silly addNameRange     '0.1.2',
280 silly addNameRange     '0.2.0',
280 silly addNameRange     '0.2.1',
280 silly addNameRange     '0.2.2',
280 silly addNameRange     '0.2.3',
280 silly addNameRange     '0.2.4',
280 silly addNameRange     '0.2.5',
280 silly addNameRange     '0.2.6',
280 silly addNameRange     '0.2.7',
280 silly addNameRange     '0.2.8',
280 silly addNameRange     '0.2.9',
280 silly addNameRange     '0.2.10',
280 silly addNameRange     '0.2.11',
280 silly addNameRange     '0.2.12',
280 silly addNameRange     '0.2.13',
280 silly addNameRange     '0.2.14',
280 silly addNameRange     '0.2.15',
280 silly addNameRange     '0.3.0',
280 silly addNameRange     '0.3.1',
280 silly addNameRange     '0.3.2',
280 silly addNameRange     '0.3.3',
280 silly addNameRange     '0.3.4',
280 silly addNameRange     '0.3.5',
280 silly addNameRange     '0.3.6',
280 silly addNameRange     '0.3.7',
280 silly addNameRange     '0.3.8',
280 silly addNameRange     '0.3.9',
280 silly addNameRange     '0.3.10',
280 silly addNameRange     '0.3.11',
280 silly addNameRange     '0.3.12',
280 silly addNameRange     '0.3.13',
280 silly addNameRange     '0.3.14',
280 silly addNameRange     '0.3.15',
280 silly addNameRange     '0.3.16',
280 silly addNameRange     '0.3.17',
280 silly addNameRange     '0.4.0',
280 silly addNameRange     '0.4.1',
280 silly addNameRange     '0.4.2',
280 silly addNameRange     '0.4.3',
280 silly addNameRange     '0.4.4',
280 silly addNameRange     '0.4.5',
280 silly addNameRange     '0.3.13-a',
280 silly addNameRange     '0.4.0-a',
280 silly addNameRange     '0.4.0-rc1',
280 silly addNameRange     '0.4.0-rc2',
280 silly addNameRange     '0.4.0-rc3',
280 silly addNameRange     '0.4.0-rc4',
280 silly addNameRange     '0.4.0-rc5',
280 silly addNameRange     '0.4.0-rc6',
280 silly addNameRange     '0.4.0-rc7',
280 silly addNameRange     '0.4.0-rc8' ] ]
281 verbose addNamed [ 'grunt', '0.4.5' ]
282 verbose addNamed [ '0.4.5', '0.4.5' ]
283 silly lockFile 81abf7ad-grunt-0-4-5 grunt@0.4.5
284 verbose lock grunt@0.4.5 /home/mingbo/.npm/81abf7ad-grunt-0-4-5.lock
285 silly addNameRange number 2 { name: 'grunt-contrib-watch',
285 silly addNameRange   range: '>=0.6.1-0 <0.7.0-0',
285 silly addNameRange   hasData: true }
286 silly addNameRange versions [ 'grunt-contrib-watch',
286 silly addNameRange   [ '0.1.0',
286 silly addNameRange     '0.1.1',
286 silly addNameRange     '0.1.2',
286 silly addNameRange     '0.1.3',
286 silly addNameRange     '0.1.4',
286 silly addNameRange     '0.2.0',
286 silly addNameRange     '0.3.0',
286 silly addNameRange     '0.3.1',
286 silly addNameRange     '0.4.0',
286 silly addNameRange     '0.4.1',
286 silly addNameRange     '0.4.2',
286 silly addNameRange     '0.4.3',
286 silly addNameRange     '0.4.4',
286 silly addNameRange     '0.5.0',
286 silly addNameRange     '0.5.1',
286 silly addNameRange     '0.5.2',
286 silly addNameRange     '0.5.3',
286 silly addNameRange     '0.6.0',
286 silly addNameRange     '0.6.1',
286 silly addNameRange     '0.2.0-a',
286 silly addNameRange     '0.2.0-rc5',
286 silly addNameRange     '0.2.0-rc7' ] ]
287 verbose addNamed [ 'grunt-contrib-watch', '0.6.1' ]
288 verbose addNamed [ '0.6.1', '0.6.1' ]
289 silly lockFile 08049756-grunt-contrib-watch-0-6-1 grunt-contrib-watch@0.6.1
290 verbose lock grunt-contrib-watch@0.6.1 /home/mingbo/.npm/08049756-grunt-contrib-watch-0-6-1.lock
291 silly addNameRange number 2 { name: 'karma', range: '>=0.12.16-0 <0.13.0-0', hasData: true }
292 silly addNameRange versions [ 'karma',
292 silly addNameRange   [ '0.8.0',
292 silly addNameRange     '0.9.0-dart',
292 silly addNameRange     '0.8.1',
292 silly addNameRange     '0.8.2',
292 silly addNameRange     '0.8.3',
292 silly addNameRange     '0.9.0',
292 silly addNameRange     '0.8.4',
292 silly addNameRange     '0.9.1',
292 silly addNameRange     '0.8.5',
292 silly addNameRange     '0.9.2',
292 silly addNameRange     '0.9.2-dart',
292 silly addNameRange     '0.9.3',
292 silly addNameRange     '0.8.6',
292 silly addNameRange     '0.9.4',
292 silly addNameRange     '0.8.7',
292 silly addNameRange     '0.9.5',
292 silly addNameRange     '0.9.6',
292 silly addNameRange     '0.8.8',
292 silly addNameRange     '0.9.7',
292 silly addNameRange     '0.9.8',
292 silly addNameRange     '0.10.0',
292 silly addNameRange     '0.10.1',
292 silly addNameRange     '0.10.2',
292 silly addNameRange     '0.11.0',
292 silly addNameRange     '0.11.1',
292 silly addNameRange     '0.10.3',
292 silly addNameRange     '0.10.4',
292 silly addNameRange     '0.11.2',
292 silly addNameRange     '0.11.3',
292 silly addNameRange     '0.10.5',
292 silly addNameRange     '0.11.4',
292 silly addNameRange     '0.11.5',
292 silly addNameRange     '0.10.6',
292 silly addNameRange     '0.11.6',
292 silly addNameRange     '0.10.7',
292 silly addNameRange     '0.11.7',
292 silly addNameRange     '0.11.8',
292 silly addNameRange     '0.11.9',
292 silly addNameRange     '0.10.8',
292 silly addNameRange     '0.11.10',
292 silly addNameRange     '0.11.11',
292 silly addNameRange     '0.11.12',
292 silly addNameRange     '0.11.11-dev',
292 silly addNameRange     '0.10.9',
292 silly addNameRange     '0.11.12-dev',
292 silly addNameRange     '0.11.12-dev2',
292 silly addNameRange     '0.11.13',
292 silly addNameRange     '0.11.14',
292 silly addNameRange     '0.12.0',
292 silly addNameRange     '0.10.10',
292 silly addNameRange     '0.12.1',
292 silly addNameRange     '0.12.2',
292 silly addNameRange     '0.12.3',
292 silly addNameRange     '0.12.4',
292 silly addNameRange     '0.12.5',
292 silly addNameRange     '0.12.6',
292 silly addNameRange     '0.12.6-beta-43e6e28',
292 silly addNameRange     '0.12.7',
292 silly addNameRange     '0.12.8',
292 silly addNameRange     '0.12.9',
292 silly addNameRange     '0.12.10',
292 silly addNameRange     '0.12.11',
292 silly addNameRange     '0.12.12',
292 silly addNameRange     '0.12.11-beta-3029418',
292 silly addNameRange     '0.12.13',
292 silly addNameRange     '0.12.14',
292 silly addNameRange     '0.12.15',
292 silly addNameRange     '0.12.16',
292 silly addNameRange     '0.12.16-beta-905422d',
292 silly addNameRange     '0.12.17',
292 silly addNameRange     '0.12.18',
292 silly addNameRange     '0.12.19',
292 silly addNameRange     '0.12.20',
292 silly addNameRange     '0.12.21',
292 silly addNameRange     '0.12.22',
292 silly addNameRange     '0.12.23',
292 silly addNameRange     '0.12.24',
292 silly addNameRange     '0.12.24-beta-6cf7955',
292 silly addNameRange     '0.12.25',
292 silly addNameRange     '0.12.25-beta-37a7958',
292 silly addNameRange     '0.12.25-beta-ad5bc24',
292 silly addNameRange     '0.12.26',
292 silly addNameRange     '0.12.27',
292 silly addNameRange     '0.12.28',
292 silly addNameRange     '0.12.28-beta-b9be580',
292 silly addNameRange     '0.12.29',
292 silly addNameRange     '0.12.30',
292 silly addNameRange     '0.12.31',
292 silly addNameRange     '0.12.28-beta-f65c864' ] ]
293 verbose addNamed [ 'karma', '0.12.31' ]
294 verbose addNamed [ '0.12.31', '0.12.31' ]
295 silly lockFile feea9de1-karma-0-12-31 karma@0.12.31
296 verbose lock karma@0.12.31 /home/mingbo/.npm/feea9de1-karma-0-12-31.lock
297 silly addNameRange number 2 { name: 'protractor',
297 silly addNameRange   range: '>=1.0.0-0 <1.1.0-0',
297 silly addNameRange   hasData: true }
298 silly addNameRange versions [ 'protractor',
298 silly addNameRange   [ '0.1.0',
298 silly addNameRange     '0.1.1',
298 silly addNameRange     '0.1.2',
298 silly addNameRange     '0.1.3',
298 silly addNameRange     '0.2.0',
298 silly addNameRange     '0.2.1',
298 silly addNameRange     '0.3.0',
298 silly addNameRange     '0.4.0',
298 silly addNameRange     '0.4.1',
298 silly addNameRange     '0.5.0',
298 silly addNameRange     '0.6.1',
298 silly addNameRange     '0.7.0',
298 silly addNameRange     '0.8.0',
298 silly addNameRange     '0.9.0',
298 silly addNameRange     '0.10.0',
298 silly addNameRange     '0.11.0',
298 silly addNameRange     '0.12.0',
298 silly addNameRange     '0.12.1',
298 silly addNameRange     '0.13.0',
298 silly addNameRange     '0.14.0',
298 silly addNameRange     '0.15.0',
298 silly addNameRange     '0.16.0',
298 silly addNameRange     '0.16.1',
298 silly addNameRange     '0.17.0',
298 silly addNameRange     '0.18.0',
298 silly addNameRange     '0.18.1',
298 silly addNameRange     '0.19.0',
298 silly addNameRange     '0.20.0',
298 silly addNameRange     '0.20.1',
298 silly addNameRange     '0.21.0',
298 silly addNameRange     '0.22.0',
298 silly addNameRange     '0.23.0',
298 silly addNameRange     '0.23.1',
298 silly addNameRange     '0.24.0',
298 silly addNameRange     '0.24.1',
298 silly addNameRange     '0.24.2',
298 silly addNameRange     '1.0.0-rc1',
298 silly addNameRange     '1.0.0-rc2',
298 silly addNameRange     '1.0.0-rc3',
298 silly addNameRange     '1.0.0-rc4',
298 silly addNameRange     '1.0.0-rc5',
298 silly addNameRange     '1.0.0-rc6',
298 silly addNameRange     '1.0.0',
298 silly addNameRange     '1.1.0',
298 silly addNameRange     '1.1.1',
298 silly addNameRange     '1.2.0-beta1',
298 silly addNameRange     '1.2.0',
298 silly addNameRange     '1.3.0',
298 silly addNameRange     '1.3.1',
298 silly addNameRange     '1.4.0',
298 silly addNameRange     '1.5.0' ] ]
299 verbose addNamed [ 'protractor', '1.0.0' ]
300 verbose addNamed [ '1.0.0', '1.0.0' ]
301 silly lockFile 5242d932-protractor-1-0-0 protractor@1.0.0
302 verbose lock protractor@1.0.0 /home/mingbo/.npm/5242d932-protractor-1-0-0.lock
303 silly addNameRange number 2 { name: 'shelljs', range: '>=0.2.6-0 <0.3.0-0', hasData: true }
304 silly addNameRange versions [ 'shelljs',
304 silly addNameRange   [ '0.0.1',
304 silly addNameRange     '0.0.2',
304 silly addNameRange     '0.0.3',
304 silly addNameRange     '0.0.4',
304 silly addNameRange     '0.0.5',
304 silly addNameRange     '0.0.6',
304 silly addNameRange     '0.0.7',
304 silly addNameRange     '0.0.8',
304 silly addNameRange     '0.0.9',
304 silly addNameRange     '0.1.0',
304 silly addNameRange     '0.1.1',
304 silly addNameRange     '0.1.2',
304 silly addNameRange     '0.1.3',
304 silly addNameRange     '0.1.4',
304 silly addNameRange     '0.2.0',
304 silly addNameRange     '0.2.1',
304 silly addNameRange     '0.2.2',
304 silly addNameRange     '0.2.3',
304 silly addNameRange     '0.2.4',
304 silly addNameRange     '0.2.5',
304 silly addNameRange     '0.2.6',
304 silly addNameRange     '0.3.0',
304 silly addNameRange     '0.0.1-alpha1',
304 silly addNameRange     '0.0.2-pre1',
304 silly addNameRange     '0.0.4-pre1',
304 silly addNameRange     '0.0.5-pre1',
304 silly addNameRange     '0.0.5-pre2',
304 silly addNameRange     '0.0.5-pre3',
304 silly addNameRange     '0.0.5-pre4',
304 silly addNameRange     '0.0.6-pre1',
304 silly addNameRange     '0.0.6-pre2' ] ]
305 verbose addNamed [ 'shelljs', '0.2.6' ]
306 verbose addNamed [ '0.2.6', '0.2.6' ]
307 silly lockFile 542b9617-shelljs-0-2-6 shelljs@0.2.6
308 verbose lock shelljs@0.2.6 /home/mingbo/.npm/542b9617-shelljs-0-2-6.lock
309 silly lockFile dde8a805-js-org-shelljs-shelljs-0-2-6-tgz https://registry.npmjs.org/shelljs/-/shelljs-0.2.6.tgz
310 verbose lock https://registry.npmjs.org/shelljs/-/shelljs-0.2.6.tgz /home/mingbo/.npm/dde8a805-js-org-shelljs-shelljs-0-2-6-tgz.lock
311 silly lockFile 81abf7ad-grunt-0-4-5 grunt@0.4.5
312 silly lockFile 81abf7ad-grunt-0-4-5 grunt@0.4.5
313 silly lockFile 9819431c-bower-1-3-12 bower@1.3.12
314 silly lockFile 9819431c-bower-1-3-12 bower@1.3.12
315 silly lockFile 08049756-grunt-contrib-watch-0-6-1 grunt-contrib-watch@0.6.1
316 silly lockFile 08049756-grunt-contrib-watch-0-6-1 grunt-contrib-watch@0.6.1
317 silly lockFile feea9de1-karma-0-12-31 karma@0.12.31
318 silly lockFile feea9de1-karma-0-12-31 karma@0.12.31
319 silly lockFile 73541f84-grunt-0-4-5 grunt@^0.4.5
320 silly lockFile 73541f84-grunt-0-4-5 grunt@^0.4.5
321 silly lockFile 7c83895e-bower-1-3-1 bower@^1.3.1
322 silly lockFile 7c83895e-bower-1-3-1 bower@^1.3.1
323 silly lockFile 224b1ece-grunt-contrib-watch-0-6-1 grunt-contrib-watch@^0.6.1
324 silly lockFile 224b1ece-grunt-contrib-watch-0-6-1 grunt-contrib-watch@^0.6.1
325 verbose addRemoteTarball [ 'https://registry.npmjs.org/shelljs/-/shelljs-0.2.6.tgz',
325 verbose addRemoteTarball   '90492d72ffcc8159976baba62fb0f6884f0c3378' ]
326 silly lockFile 544376fe-karma-0-12-16 karma@^0.12.16
327 silly lockFile 544376fe-karma-0-12-16 karma@^0.12.16
328 silly lockFile f7638ceb-tmp-0-0-23 tmp@0.0.23
329 silly lockFile f7638ceb-tmp-0-0-23 tmp@0.0.23
330 silly lockFile 5242d932-protractor-1-0-0 protractor@1.0.0
331 silly lockFile 5242d932-protractor-1-0-0 protractor@1.0.0
332 silly lockFile f198f730-protractor-1-0-0 protractor@~1.0.0
333 silly lockFile f198f730-protractor-1-0-0 protractor@~1.0.0
334 info retry fetch attempt 1 at 15:07:45
335 verbose fetch to= /tmp/npm-15625-rKHRzN_C/registry.npmjs.org/shelljs/-/shelljs-0.2.6.tgz
336 http GET https://registry.npmjs.org/shelljs/-/shelljs-0.2.6.tgz
337 http 304 https://registry.npmjs.org/karma-chrome-launcher
338 silly registry.get cb [ 304,
338 silly registry.get   { date: 'Wed, 07 Jan 2015 23:07:45 GMT',
338 silly registry.get     server: 'Apache',
338 silly registry.get     via: '1.1 varnish',
338 silly registry.get     'last-modified': 'Wed, 07 Jan 2015 23:07:45 GMT',
338 silly registry.get     'cache-control': 'max-age=60',
338 silly registry.get     etag: '"3GTYYJ0BEOOVL3FAGRP3432XH"',
338 silly registry.get     age: '0',
338 silly registry.get     'x-served-by': 'cache-lax1434-LAX',
338 silly registry.get     'x-cache': 'HIT',
338 silly registry.get     'x-cache-hits': '1',
338 silly registry.get     'x-timer': 'S1420672065.226287,VS0,VE303',
338 silly registry.get     vary: 'Accept',
338 silly registry.get     'content-length': '0',
338 silly registry.get     'keep-alive': 'timeout=10, max=49',
338 silly registry.get     connection: 'Keep-Alive' } ]
339 verbose etag https://registry.npmjs.org/karma-chrome-launcher from cache
340 silly addNameRange number 2 { name: 'karma-chrome-launcher',
340 silly addNameRange   range: '>=0.1.4-0 <0.2.0-0',
340 silly addNameRange   hasData: true }
341 silly addNameRange versions [ 'karma-chrome-launcher',
341 silly addNameRange   [ '0.0.1',
341 silly addNameRange     '0.0.2',
341 silly addNameRange     '0.1.0',
341 silly addNameRange     '0.1.1',
341 silly addNameRange     '0.1.2',
341 silly addNameRange     '0.1.3',
341 silly addNameRange     '0.1.4',
341 silly addNameRange     '0.1.5',
341 silly addNameRange     '0.1.6',
341 silly addNameRange     '0.1.7' ] ]
342 verbose addNamed [ 'karma-chrome-launcher', '0.1.7' ]
343 verbose addNamed [ '0.1.7', '0.1.7' ]
344 silly lockFile ced0a4a4-karma-chrome-launcher-0-1-7 karma-chrome-launcher@0.1.7
345 verbose lock karma-chrome-launcher@0.1.7 /home/mingbo/.npm/ced0a4a4-karma-chrome-launcher-0-1-7.lock
346 silly lockFile ced0a4a4-karma-chrome-launcher-0-1-7 karma-chrome-launcher@0.1.7
347 silly lockFile ced0a4a4-karma-chrome-launcher-0-1-7 karma-chrome-launcher@0.1.7
348 silly lockFile cd7d8138-karma-chrome-launcher-0-1-4 karma-chrome-launcher@^0.1.4
349 silly lockFile cd7d8138-karma-chrome-launcher-0-1-4 karma-chrome-launcher@^0.1.4
350 http 200 https://registry.npmjs.org/shelljs/-/shelljs-0.2.6.tgz
351 silly lockFile dde8a805-js-org-shelljs-shelljs-0-2-6-tgz https://registry.npmjs.org/shelljs/-/shelljs-0.2.6.tgz
352 silly lockFile dde8a805-js-org-shelljs-shelljs-0-2-6-tgz https://registry.npmjs.org/shelljs/-/shelljs-0.2.6.tgz
353 silly lockFile 542b9617-shelljs-0-2-6 shelljs@0.2.6
354 silly lockFile 542b9617-shelljs-0-2-6 shelljs@0.2.6
355 silly lockFile cdaabbbd-shelljs-0-2-6 shelljs@^0.2.6
356 silly lockFile cdaabbbd-shelljs-0-2-6 shelljs@^0.2.6
357 silly addNameRange { name: 'http-server',
357 silly addNameRange   range: '>=0.6.1-0 <0.7.0-0',
357 silly addNameRange   hasData: false }
358 silly addNameRange { name: 'karma-jasmine',
358 silly addNameRange   range: '>=0.1.5-0 <0.2.0-0',
358 silly addNameRange   hasData: false }
359 silly addNameRange { name: 'grunt-contrib-sass',
359 silly addNameRange   range: '>=0.7.4-0 <0.8.0-0',
359 silly addNameRange   hasData: false }
360 verbose request where is /http-server
361 verbose request registry https://registry.npmjs.org/
362 verbose url raw /http-server
363 verbose url resolving [ 'https://registry.npmjs.org/', './http-server' ]
364 verbose url resolved https://registry.npmjs.org/http-server
365 verbose request where is https://registry.npmjs.org/http-server
366 info trying registry request attempt 1 at 15:08:00
367 http GET https://registry.npmjs.org/http-server
368 verbose request where is /grunt-contrib-sass
369 verbose request registry https://registry.npmjs.org/
370 verbose url raw /grunt-contrib-sass
371 verbose url resolving [ 'https://registry.npmjs.org/', './grunt-contrib-sass' ]
372 verbose url resolved https://registry.npmjs.org/grunt-contrib-sass
373 verbose request where is https://registry.npmjs.org/grunt-contrib-sass
374 info trying registry request attempt 1 at 15:08:00
375 http GET https://registry.npmjs.org/grunt-contrib-sass
376 verbose request where is /karma-jasmine
377 verbose request registry https://registry.npmjs.org/
378 verbose url raw /karma-jasmine
379 verbose url resolving [ 'https://registry.npmjs.org/', './karma-jasmine' ]
380 verbose url resolved https://registry.npmjs.org/karma-jasmine
381 verbose request where is https://registry.npmjs.org/karma-jasmine
382 info trying registry request attempt 1 at 15:08:00
383 verbose etag "AOMPSDTEXWWW3ZX65FA0NDKC5"
384 http GET https://registry.npmjs.org/karma-jasmine
385 http 200 https://registry.npmjs.org/grunt-contrib-sass
386 silly registry.get cb [ 200,
386 silly registry.get   { date: 'Wed, 07 Jan 2015 23:08:00 GMT',
386 silly registry.get     server: 'CouchDB/1.5.0 (Erlang OTP/R16B03)',
386 silly registry.get     etag: '"8KK4H6XBZ0Z1QJOCVZWXKH1AD"',
386 silly registry.get     'content-type': 'application/json',
386 silly registry.get     'cache-control': 'max-age=60',
386 silly registry.get     'content-length': '41170',
386 silly registry.get     'accept-ranges': 'bytes',
386 silly registry.get     via: '1.1 varnish',
386 silly registry.get     age: '55',
386 silly registry.get     'x-served-by': 'cache-sjc3132-SJC',
386 silly registry.get     'x-cache': 'HIT',
386 silly registry.get     'x-cache-hits': '31',
386 silly registry.get     'x-timer': 'S1420672080.217577,VS0,VE0',
386 silly registry.get     vary: 'Accept',
386 silly registry.get     'keep-alive': 'timeout=10, max=50',
386 silly registry.get     connection: 'Keep-Alive' } ]
387 silly addNameRange number 2 { name: 'grunt-contrib-sass',
387 silly addNameRange   range: '>=0.7.4-0 <0.8.0-0',
387 silly addNameRange   hasData: true }
388 silly addNameRange versions [ 'grunt-contrib-sass',
388 silly addNameRange   [ '0.1.0',
388 silly addNameRange     '0.1.1',
388 silly addNameRange     '0.1.2',
388 silly addNameRange     '0.1.3',
388 silly addNameRange     '0.2.0',
388 silly addNameRange     '0.2.1',
388 silly addNameRange     '0.2.2',
388 silly addNameRange     '0.3.0',
388 silly addNameRange     '0.4.0',
388 silly addNameRange     '0.4.1',
388 silly addNameRange     '0.5.0',
388 silly addNameRange     '0.5.1',
388 silly addNameRange     '0.6.0',
388 silly addNameRange     '0.2.2-rc7',
388 silly addNameRange     '0.7.0',
388 silly addNameRange     '0.7.1',
388 silly addNameRange     '0.7.2',
388 silly addNameRange     '0.7.3',
388 silly addNameRange     '0.7.4',
388 silly addNameRange     '0.8.0',
388 silly addNameRange     '0.8.1' ] ]
389 verbose addNamed [ 'grunt-contrib-sass', '0.7.4' ]
390 verbose addNamed [ '0.7.4', '0.7.4' ]
391 silly lockFile 99ee2b83-grunt-contrib-sass-0-7-4 grunt-contrib-sass@0.7.4
392 verbose lock grunt-contrib-sass@0.7.4 /home/mingbo/.npm/99ee2b83-grunt-contrib-sass-0-7-4.lock
393 silly lockFile 14e8edd6-ass-grunt-contrib-sass-0-7-4-tgz https://registry.npmjs.org/grunt-contrib-sass/-/grunt-contrib-sass-0.7.4.tgz
394 verbose lock https://registry.npmjs.org/grunt-contrib-sass/-/grunt-contrib-sass-0.7.4.tgz /home/mingbo/.npm/14e8edd6-ass-grunt-contrib-sass-0-7-4-tgz.lock
395 verbose addRemoteTarball [ 'https://registry.npmjs.org/grunt-contrib-sass/-/grunt-contrib-sass-0.7.4.tgz',
395 verbose addRemoteTarball   '1de0f7c3bc40f15254e135777b5f094c921e9564' ]
396 info retry fetch attempt 1 at 15:08:00
397 verbose fetch to= /tmp/npm-15625-rKHRzN_C/registry.npmjs.org/grunt-contrib-sass/-/grunt-contrib-sass-0.7.4.tgz
398 http GET https://registry.npmjs.org/grunt-contrib-sass/-/grunt-contrib-sass-0.7.4.tgz
399 http 200 https://registry.npmjs.org/grunt-contrib-sass/-/grunt-contrib-sass-0.7.4.tgz
400 silly lockFile 14e8edd6-ass-grunt-contrib-sass-0-7-4-tgz https://registry.npmjs.org/grunt-contrib-sass/-/grunt-contrib-sass-0.7.4.tgz
401 silly lockFile 14e8edd6-ass-grunt-contrib-sass-0-7-4-tgz https://registry.npmjs.org/grunt-contrib-sass/-/grunt-contrib-sass-0.7.4.tgz
402 silly lockFile 99ee2b83-grunt-contrib-sass-0-7-4 grunt-contrib-sass@0.7.4
403 silly lockFile 99ee2b83-grunt-contrib-sass-0-7-4 grunt-contrib-sass@0.7.4
404 silly lockFile 4eaacf72-grunt-contrib-sass-0-7-4 grunt-contrib-sass@^0.7.4
405 silly lockFile 4eaacf72-grunt-contrib-sass-0-7-4 grunt-contrib-sass@^0.7.4
406 http 200 https://registry.npmjs.org/http-server
407 silly registry.get cb [ 200,
407 silly registry.get   { date: 'Wed, 07 Jan 2015 23:08:00 GMT',
407 silly registry.get     server: 'CouchDB/1.5.0 (Erlang OTP/R16B03)',
407 silly registry.get     etag: '"DISVALOLUMXJZWNVT0XV4IZZK"',
407 silly registry.get     'content-type': 'application/json',
407 silly registry.get     'cache-control': 'max-age=60',
407 silly registry.get     'content-length': '40139',
407 silly registry.get     'accept-ranges': 'bytes',
407 silly registry.get     via: '1.1 varnish',
407 silly registry.get     age: '0',
407 silly registry.get     'x-served-by': 'cache-lax1428-LAX',
407 silly registry.get     'x-cache': 'HIT',
407 silly registry.get     'x-cache-hits': '1',
407 silly registry.get     'x-timer': 'S1420672080.209326,VS0,VE180',
407 silly registry.get     vary: 'Accept',
407 silly registry.get     'keep-alive': 'timeout=10, max=50',
407 silly registry.get     connection: 'Keep-Alive' } ]
408 silly addNameRange number 2 { name: 'http-server',
408 silly addNameRange   range: '>=0.6.1-0 <0.7.0-0',
408 silly addNameRange   hasData: true }
409 silly addNameRange versions [ 'http-server',
409 silly addNameRange   [ '0.1.0',
409 silly addNameRange     '0.1.1',
409 silly addNameRange     '0.1.3',
409 silly addNameRange     '0.2.1',
409 silly addNameRange     '0.2.2',
409 silly addNameRange     '0.2.3',
409 silly addNameRange     '0.2.4',
409 silly addNameRange     '0.2.5',
409 silly addNameRange     '0.2.6',
409 silly addNameRange     '0.2.9',
409 silly addNameRange     '0.3.0',
409 silly addNameRange     '0.4.0',
409 silly addNameRange     '0.4.1',
409 silly addNameRange     '0.5.0',
409 silly addNameRange     '0.5.1',
409 silly addNameRange     '0.5.2',
409 silly addNameRange     '0.5.3',
409 silly addNameRange     '0.5.5',
409 silly addNameRange     '0.6.0',
409 silly addNameRange     '0.6.1',
409 silly addNameRange     '0.7.0',
409 silly addNameRange     '0.7.1',
409 silly addNameRange     '0.7.2',
409 silly addNameRange     '0.7.3',
409 silly addNameRange     '0.7.4' ] ]
410 verbose addNamed [ 'http-server', '0.6.1' ]
411 verbose addNamed [ '0.6.1', '0.6.1' ]
412 silly lockFile 1e2b2518-http-server-0-6-1 http-server@0.6.1
413 verbose lock http-server@0.6.1 /home/mingbo/.npm/1e2b2518-http-server-0-6-1.lock
414 silly lockFile c3f4b4b6-ttp-server-http-server-0-6-1-tgz https://registry.npmjs.org/http-server/-/http-server-0.6.1.tgz
415 verbose lock https://registry.npmjs.org/http-server/-/http-server-0.6.1.tgz /home/mingbo/.npm/c3f4b4b6-ttp-server-http-server-0-6-1-tgz.lock
416 verbose addRemoteTarball [ 'https://registry.npmjs.org/http-server/-/http-server-0.6.1.tgz',
416 verbose addRemoteTarball   '06fce65cf2bd4132a578bdac62ffacb97d613981' ]
417 info retry fetch attempt 1 at 15:08:00
418 verbose fetch to= /tmp/npm-15625-rKHRzN_C/registry.npmjs.org/http-server/-/http-server-0.6.1.tgz
419 http GET https://registry.npmjs.org/http-server/-/http-server-0.6.1.tgz
420 http 200 https://registry.npmjs.org/http-server/-/http-server-0.6.1.tgz
421 silly lockFile c3f4b4b6-ttp-server-http-server-0-6-1-tgz https://registry.npmjs.org/http-server/-/http-server-0.6.1.tgz
422 silly lockFile c3f4b4b6-ttp-server-http-server-0-6-1-tgz https://registry.npmjs.org/http-server/-/http-server-0.6.1.tgz
423 silly lockFile 1e2b2518-http-server-0-6-1 http-server@0.6.1
424 silly lockFile 1e2b2518-http-server-0-6-1 http-server@0.6.1
425 silly lockFile e7eeaefd-http-server-0-6-1 http-server@^0.6.1
426 silly lockFile e7eeaefd-http-server-0-6-1 http-server@^0.6.1
427 http 304 https://registry.npmjs.org/karma-jasmine
428 silly registry.get cb [ 304,
428 silly registry.get   { date: 'Wed, 07 Jan 2015 23:08:05 GMT',
428 silly registry.get     server: 'Apache',
428 silly registry.get     via: '1.1 varnish',
428 silly registry.get     'last-modified': 'Wed, 07 Jan 2015 23:08:05 GMT',
428 silly registry.get     'cache-control': 'max-age=60',
428 silly registry.get     etag: '"AOMPSDTEXWWW3ZX65FA0NDKC5"',
428 silly registry.get     age: '0',
428 silly registry.get     'x-served-by': 'cache-lax1430-LAX',
428 silly registry.get     'x-cache': 'HIT',
428 silly registry.get     'x-cache-hits': '1',
428 silly registry.get     'x-timer': 'S1420672085.246588,VS0,VE72',
428 silly registry.get     vary: 'Accept',
428 silly registry.get     'content-length': '0',
428 silly registry.get     'keep-alive': 'timeout=10, max=50',
428 silly registry.get     connection: 'Keep-Alive' } ]
429 verbose etag https://registry.npmjs.org/karma-jasmine from cache
430 silly addNameRange number 2 { name: 'karma-jasmine',
430 silly addNameRange   range: '>=0.1.5-0 <0.2.0-0',
430 silly addNameRange   hasData: true }
431 silly addNameRange versions [ 'karma-jasmine',
431 silly addNameRange   [ '0.0.1',
431 silly addNameRange     '0.0.2',
431 silly addNameRange     '0.0.3',
431 silly addNameRange     '0.1.0',
431 silly addNameRange     '0.1.1',
431 silly addNameRange     '0.1.2',
431 silly addNameRange     '0.1.3',
431 silly addNameRange     '0.1.4',
431 silly addNameRange     '0.1.5',
431 silly addNameRange     '0.2.0',
431 silly addNameRange     '0.2.1',
431 silly addNameRange     '0.2.2',
431 silly addNameRange     '0.2.3',
431 silly addNameRange     '0.3.0',
431 silly addNameRange     '0.3.1',
431 silly addNameRange     '0.3.2',
431 silly addNameRange     '0.3.3',
431 silly addNameRange     '0.3.4' ] ]
432 verbose addNamed [ 'karma-jasmine', '0.1.5' ]
433 verbose addNamed [ '0.1.5', '0.1.5' ]
434 silly lockFile 46898725-karma-jasmine-0-1-5 karma-jasmine@0.1.5
435 verbose lock karma-jasmine@0.1.5 /home/mingbo/.npm/46898725-karma-jasmine-0-1-5.lock
436 silly lockFile cf8824d5--jasmine-karma-jasmine-0-1-5-tgz https://registry.npmjs.org/karma-jasmine/-/karma-jasmine-0.1.5.tgz
437 verbose lock https://registry.npmjs.org/karma-jasmine/-/karma-jasmine-0.1.5.tgz /home/mingbo/.npm/cf8824d5--jasmine-karma-jasmine-0-1-5-tgz.lock
438 verbose addRemoteTarball [ 'https://registry.npmjs.org/karma-jasmine/-/karma-jasmine-0.1.5.tgz',
438 verbose addRemoteTarball   '924c02ddb5d93737eb82832cffd5d75186d34a26' ]
439 info retry fetch attempt 1 at 15:08:05
440 verbose fetch to= /tmp/npm-15625-rKHRzN_C/registry.npmjs.org/karma-jasmine/-/karma-jasmine-0.1.5.tgz
441 http GET https://registry.npmjs.org/karma-jasmine/-/karma-jasmine-0.1.5.tgz
442 http 200 https://registry.npmjs.org/karma-jasmine/-/karma-jasmine-0.1.5.tgz
443 silly lockFile cf8824d5--jasmine-karma-jasmine-0-1-5-tgz https://registry.npmjs.org/karma-jasmine/-/karma-jasmine-0.1.5.tgz
444 silly lockFile cf8824d5--jasmine-karma-jasmine-0-1-5-tgz https://registry.npmjs.org/karma-jasmine/-/karma-jasmine-0.1.5.tgz
445 silly lockFile 46898725-karma-jasmine-0-1-5 karma-jasmine@0.1.5
446 silly lockFile 46898725-karma-jasmine-0-1-5 karma-jasmine@0.1.5
447 silly lockFile 36fc1519-karma-jasmine-0-1-5 karma-jasmine@^0.1.5
448 silly lockFile 36fc1519-karma-jasmine-0-1-5 karma-jasmine@^0.1.5
449 error Error: EACCES, mkdir '/home/mingbo/.npm/shelljs/0.2.6'
449 error  { [Error: EACCES, mkdir '/home/mingbo/.npm/shelljs/0.2.6']
449 error   errno: 3,
449 error   code: 'EACCES',
449 error   path: '/home/mingbo/.npm/shelljs/0.2.6',
449 error   parent: 'vulture' }
450 error Please try running this command again as root/Administrator.
451 error System Linux 3.13.0-43-generic
452 error command "/usr/bin/node" "/usr/bin/npm" "install"
453 error cwd /home/mingbo/Documents/vulture-master
454 error node -v v0.10.35
455 error npm -v 1.4.28
456 error path /home/mingbo/.npm/shelljs/0.2.6
457 error code EACCES
458 error errno 3
459 error stack Error: EACCES, mkdir '/home/mingbo/.npm/shelljs/0.2.6'
460 verbose exit [ 3, true ]
